This file contains any messages produced by compilers while
running configure, to aid debugging if configure makes a mistake.

It was created by configure, which was
generated by GNU Autoconf 2.68.  Invocation command line was

  $ ./configure 

## --------- ##
## Platform. ##
## --------- ##

hostname = octopi
uname -m = armv7l
uname -r = 5.10.63-v7+
uname -s = Linux
uname -v = #1459 SMP Wed Oct 6 16:41:10 BST 2021

/usr/bin/uname -p = unknown
/bin/uname -X     = unknown

/bin/arch              = armv7l
/usr/bin/arch -k       = unknown
/usr/convex/getsysinfo = unknown
/usr/bin/hostinfo      = unknown
/bin/machine           = unknown
/usr/bin/oslevel       = unknown
/bin/universe          = unknown

PATH: /usr/local/sbin
PATH: /usr/local/bin
PATH: /usr/sbin
PATH: /usr/bin
PATH: /sbin
PATH: /bin
PATH: /usr/local/games
PATH: /usr/games


## ----------- ##
## Core tests. ##
## ----------- ##

configure:2267: checking for a BSD-compatible install
configure:2335: result: /usr/bin/install -c
configure:2346: checking whether build environment is sane
configure:2396: result: yes
configure:2537: checking for a thread-safe mkdir -p
configure:2576: result: /usr/bin/mkdir -p
configure:2589: checking for gawk
configure:2619: result: no
configure:2589: checking for mawk
configure:2605: found /usr/bin/mawk
configure:2616: result: mawk
configure:2627: checking whether make sets $(MAKE)
configure:2649: result: yes
configure:2760: checking build system type
configure:2774: result: armv7l-unknown-linux-gnueabi
configure:2794: checking host system type
configure:2807: result: armv7l-unknown-linux-gnueabi
configure:2848: checking how to print strings
configure:2875: result: printf
configure:2908: checking for style of include used by make
configure:2936: result: GNU
configure:3007: checking for gcc
configure:3023: found /usr/bin/gcc
configure:3034: result: gcc
configure:3263: checking for C compiler version
configure:3272: gcc --version >&5
gcc (Raspbian 8.3.0-6+rpi1) 8.3.0
Copyright (C) 2018 Free Software Foundation, Inc.
This is free software; see the source for copying conditions.  There is NO
warranty; not even for MERCHANTABILITY or FITNESS FOR A PARTICULAR PURPOSE.

configure:3283: $? = 0
configure:3272: gcc -v >&5
Using built-in specs.
COLLECT_GCC=gcc
COLLECT_LTO_WRAPPER=/usr/lib/gcc/arm-linux-gnueabihf/8/lto-wrapper
Target: arm-linux-gnueabihf
Configured with: ../src/configure -v --with-pkgversion='Raspbian 8.3.0-6+rpi1' --with-bugurl=file:///usr/share/doc/gcc-8/README.Bugs --enable-languages=c,ada,c++,go,d,fortran,objc,obj-c++ --prefix=/usr --with-gcc-major-version-only --program-suffix=-8 --program-prefix=arm-linux-gnueabihf- --enable-shared --enable-linker-build-id --libexecdir=/usr/lib --without-included-gettext --enable-threads=posix --libdir=/usr/lib --enable-nls --enable-bootstrap --enable-clocale=gnu --enable-libstdcxx-debug --enable-libstdcxx-time=yes --with-default-libstdcxx-abi=new --enable-gnu-unique-object --disable-libitm --disable-libquadmath --disable-libquadmath-support --enable-plugin --with-system-zlib --with-target-system-zlib --enable-objc-gc=auto --enable-multiarch --disable-sjlj-exceptions --with-arch=armv6 --with-fpu=vfp --with-float=hard --disable-werror --enable-checking=release --build=arm-linux-gnueabihf --host=arm-linux-gnueabihf --target=arm-linux-gnueabihf
Thread model: posix
gcc version 8.3.0 (Raspbian 8.3.0-6+rpi1) 
configure:3283: $? = 0
configure:3272: gcc -V >&5
gcc: error: unrecognized command line option '-V'
gcc: fatal error: no input files
compilation terminated.
configure:3283: $? = 1
configure:3272: gcc -qversion >&5
gcc: error: unrecognized command line option '-qversion'; did you mean '--version'?
gcc: fatal error: no input files
compilation terminated.
configure:3283: $? = 1
configure:3303: checking whether the C compiler works
configure:3325: gcc    conftest.c  >&5
configure:3329: $? = 0
configure:3377: result: yes
configure:3380: checking for C compiler default output file name
configure:3382: result: a.out
configure:3388: checking for suffix of executables
configure:3395: gcc -o conftest    conftest.c  >&5
configure:3399: $? = 0
configure:3421: result: 
configure:3443: checking whether we are cross compiling
configure:3451: gcc -o conftest    conftest.c  >&5
configure:3455: $? = 0
configure:3462: ./conftest
configure:3466: $? = 0
configure:3454: result: no
configure:3459: checking for suffix of object files
configure:3481: gcc -c   conftest.c >&5
configure:3485: $? = 0
configure:3506: result: o
configure:3510: checking whether we are using the GNU C compiler
configure:3529: gcc -c   conftest.c >&5
configure:3529: $? = 0
configure:3538: result: yes
configure:3547: checking whether gcc accepts -g
configure:3567: gcc -c -g  conftest.c >&5
configure:3567: $? = 0
configure:3608: result: yes
configure:3625: checking for gcc option to accept ISO C89
configure:3689: gcc  -c -g -O2  conftest.c >&5
configure:3689: $? = 0
configure:3702: result: none needed
configure:3724: checking dependency style of gcc
configure:3835: result: gcc3
configure:3850: checking for a sed that does not truncate output
configure:3914: result: /usr/bin/sed
configure:3932: checking for grep that handles long lines and -e
configure:3990: result: /usr/bin/grep
configure:3995: checking for egrep
configure:4057: result: /usr/bin/grep -E
configure:4062: checking for fgrep
configure:4124: result: /usr/bin/grep -F
configure:4159: checking for ld used by gcc
configure:4226: result: /usr/bin/ld
configure:4233: checking if the linker (/usr/bin/ld) is GNU ld
configure:4248: result: yes
configure:4260: checking for BSD- or MS-compatible name lister (nm)
configure:4309: result: /usr/bin/nm -B
configure:4439: checking the name lister (/usr/bin/nm -B) interface
configure:4446: gcc -c -g -O2  conftest.c >&5
configure:4449: /usr/bin/nm -B "conftest.o"
configure:4452: output
00000000 B some_variable
configure:4453: result: BSD nm
configure:4456: checking whether ln -s works
configure:4460: result: yes
configure:4468: checking the maximum length of command line arguments
configure:4598: result: 1572864
configure:4615: checking whether the shell understands some XSI constructs
configure:4624: result: yes
configure:4628: checking whether the shell understands "+="
configure:4632: result: yes
configure:4667: checking how to convert armv7l-unknown-linux-gnueabi file names to armv7l-unknown-linux-gnueabi format
configure:4707: result: func_convert_file_noop
configure:4714: checking how to convert armv7l-unknown-linux-gnueabi file names to toolchain format
configure:4734: result: func_convert_file_noop
configure:4741: checking for /usr/bin/ld option to reload object files
configure:4748: result: -r
configure:4822: checking for objdump
configure:4838: found /usr/bin/objdump
configure:4849: result: objdump
configure:4881: checking how to recognize dependent libraries
configure:5083: result: pass_all
configure:5168: checking for dlltool
configure:5198: result: no
configure:5228: checking how to associate runtime and link libraries
configure:5255: result: printf %s\n
configure:5316: checking for ar
configure:5332: found /usr/bin/ar
configure:5343: result: ar
configure:5380: checking for archiver @FILE support
configure:5397: gcc -c -g -O2  conftest.c >&5
configure:5397: $? = 0
configure:5400: ar cru libconftest.a @conftest.lst >&5
ar: `u' modifier ignored since `D' is the default (see `U')
configure:5403: $? = 0
configure:5408: ar cru libconftest.a @conftest.lst >&5
ar: `u' modifier ignored since `D' is the default (see `U')
ar: conftest.o: No such file or directory
configure:5411: $? = 1
configure:5410: result: @
configure:5468: checking for strip
configure:5484: found /usr/bin/strip
configure:5495: result: strip
configure:5567: checking for ranlib
configure:5583: found /usr/bin/ranlib
configure:5594: result: ranlib
configure:5696: checking command to parse /usr/bin/nm -B output from gcc object
configure:5816: gcc -c -g -O2  conftest.c >&5
configure:5819: $? = 0
configure:5823: /usr/bin/nm -B conftest.o \| sed -n -e 's/^.*[ ]\([ABCDGIRSTW][ABCDGIRSTW]*\)[ ][ ]*\([_A-Za-z][_A-Za-z0-9]*\)$/\1 \2 \2/p' | sed '/ __gnu_lto/d' \> conftest.nm
configure:5826: $? = 0
configure:5892: gcc -o conftest -g -O2   conftest.c conftstm.o >&5
configure:5895: $? = 0
configure:5933: result: ok
configure:5970: checking for sysroot
configure:6000: result: no
configure:6256: checking for mt
configure:6272: found /usr/bin/mt
configure:6283: result: mt
configure:6306: checking if mt is a manifest tool
configure:6312: mt '-?'
configure:6320: result: no
configure:6962: checking how to run the C preprocessor
configure:6993: gcc -E  conftest.c
configure:6993: $? = 0
configure:7007: gcc -E  conftest.c
conftest.c:11:10: fatal error: ac_nonexistent.h: No such file or directory
 #include <ac_nonexistent.h>
          ^~~~~~~~~~~~~~~~~~
compilation terminated.
configure:7007: $? = 1
configure: failed program was:
| /* confdefs.h */
| #define PACKAGE_NAME ""
| #define PACKAGE_TARNAME ""
| #define PACKAGE_VERSION ""
| #define PACKAGE_STRING ""
| #define PACKAGE_BUGREPORT ""
| #define PACKAGE_URL ""
| #define PACKAGE "thames"
| #define VERSION "0.1.1"
| /* end confdefs.h.  */
| #include <ac_nonexistent.h>
configure:7032: result: gcc -E
configure:7052: gcc -E  conftest.c
configure:7052: $? = 0
configure:7066: gcc -E  conftest.c
conftest.c:11:10: fatal error: ac_nonexistent.h: No such file or directory
 #include <ac_nonexistent.h>
          ^~~~~~~~~~~~~~~~~~
compilation terminated.
configure:7066: $? = 1
configure: failed program was:
| /* confdefs.h */
| #define PACKAGE_NAME ""
| #define PACKAGE_TARNAME ""
| #define PACKAGE_VERSION ""
| #define PACKAGE_STRING ""
| #define PACKAGE_BUGREPORT ""
| #define PACKAGE_URL ""
| #define PACKAGE "thames"
| #define VERSION "0.1.1"
| /* end confdefs.h.  */
| #include <ac_nonexistent.h>
configure:7095: checking for ANSI C header files
configure:7115: gcc -c -g -O2  conftest.c >&5
configure:7115: $? = 0
configure:7188: gcc -o conftest -g -O2   conftest.c  >&5
configure:7188: $? = 0
configure:7188: ./conftest
configure:7188: $? = 0
configure:7199: result: yes
configure:7212: checking for sys/types.h
configure:7212: gcc -c -g -O2  conftest.c >&5
configure:7212: $? = 0
configure:7212: result: yes
configure:7212: checking for sys/stat.h
configure:7212: gcc -c -g -O2  conftest.c >&5
configure:7212: $? = 0
configure:7212: result: yes
configure:7212: checking for stdlib.h
configure:7212: gcc -c -g -O2  conftest.c >&5
configure:7212: $? = 0
configure:7212: result: yes
configure:7212: checking for string.h
configure:7212: gcc -c -g -O2  conftest.c >&5
configure:7212: $? = 0
configure:7212: result: yes
configure:7212: checking for memory.h
configure:7212: gcc -c -g -O2  conftest.c >&5
configure:7212: $? = 0
configure:7212: result: yes
configure:7212: checking for strings.h
configure:7212: gcc -c -g -O2  conftest.c >&5
configure:7212: $? = 0
configure:7212: result: yes
configure:7212: checking for inttypes.h
configure:7212: gcc -c -g -O2  conftest.c >&5
configure:7212: $? = 0
configure:7212: result: yes
configure:7212: checking for stdint.h
configure:7212: gcc -c -g -O2  conftest.c >&5
configure:7212: $? = 0
configure:7212: result: yes
configure:7212: checking for unistd.h
configure:7212: gcc -c -g -O2  conftest.c >&5
configure:7212: $? = 0
configure:7212: result: yes
configure:7226: checking for dlfcn.h
configure:7226: gcc -c -g -O2  conftest.c >&5
configure:7226: $? = 0
configure:7226: result: yes
configure:7432: checking for objdir
configure:7447: result: .libs
configure:7714: checking if gcc supports -fno-rtti -fno-exceptions
configure:7732: gcc -c -g -O2  -fno-rtti -fno-exceptions conftest.c >&5
cc1: warning: command line option '-fno-rtti' is valid for C++/ObjC++ but not for C
configure:7736: $? = 0
configure:7749: result: no
configure:8076: checking for gcc option to produce PIC
configure:8083: result: -fPIC -DPIC
configure:8091: checking if gcc PIC flag -fPIC -DPIC works
configure:8109: gcc -c -g -O2  -fPIC -DPIC -DPIC conftest.c >&5
configure:8113: $? = 0
configure:8126: result: yes
configure:8155: checking if gcc static flag -static works
configure:8183: result: yes
configure:8198: checking if gcc supports -c -o file.o
configure:8219: gcc -c -g -O2  -o out/conftest2.o conftest.c >&5
configure:8223: $? = 0
configure:8245: result: yes
configure:8253: checking if gcc supports -c -o file.o
configure:8300: result: yes
configure:8333: checking whether the gcc linker (/usr/bin/ld) supports shared libraries
configure:9490: result: yes
configure:9527: checking whether -lc should be explicitly linked in
configure:9535: gcc -c -g -O2  conftest.c >&5
configure:9538: $? = 0
configure:9553: gcc -shared  -fPIC -DPIC conftest.o  -v -Wl,-soname -Wl,conftest -o conftest 2\>\&1 \| /usr/bin/grep  -lc  \>/dev/null 2\>\&1
configure:9556: $? = 0
configure:9570: result: no
configure:9730: checking dynamic linker characteristics
configure:10241: gcc -o conftest -g -O2   -Wl,-rpath -Wl,/foo conftest.c  >&5
configure:10241: $? = 0
configure:10475: result: GNU/Linux ld.so
configure:10582: checking how to hardcode library paths into programs
configure:10607: result: immediate
configure:11147: checking whether stripping libraries is possible
configure:11152: result: yes
configure:11187: checking if libtool supports shared libraries
configure:11189: result: yes
configure:11192: checking whether to build shared libraries
configure:11213: result: yes
configure:11216: checking whether to build static libraries
configure:11220: result: yes
configure:8313: checking for gcc
configure:8340: result: gcc
configure:8569: checking for C compiler version
configure:8578: gcc --version >&5
gcc (Raspbian 8.3.0-6+rpi1) 8.3.0
Copyright (C) 2018 Free Software Foundation, Inc.
This is free software; see the source for copying conditions.  There is NO
warranty; not even for MERCHANTABILITY or FITNESS FOR A PARTICULAR PURPOSE.

configure:8589: $? = 0
configure:8578: gcc -v >&5
Using built-in specs.
COLLECT_GCC=gcc
COLLECT_LTO_WRAPPER=/usr/lib/gcc/arm-linux-gnueabihf/8/lto-wrapper
Target: arm-linux-gnueabihf
Configured with: ../src/configure -v --with-pkgversion='Raspbian 8.3.0-6+rpi1' --with-bugurl=file:///usr/share/doc/gcc-8/README.Bugs --enable-languages=c,ada,c++,go,d,fortran,objc,obj-c++ --prefix=/usr --with-gcc-major-version-only --program-suffix=-8 --program-prefix=arm-linux-gnueabihf- --enable-shared --enable-linker-build-id --libexecdir=/usr/lib --without-included-gettext --enable-threads=posix --libdir=/usr/lib --enable-nls --enable-bootstrap --enable-clocale=gnu --enable-libstdcxx-debug --enable-libstdcxx-time=yes --with-default-libstdcxx-abi=new --enable-gnu-unique-object --disable-libitm --disable-libquadmath --disable-libquadmath-support --enable-plugin --with-system-zlib --with-target-system-zlib --enable-objc-gc=auto --enable-multiarch --disable-sjlj-exceptions --with-arch=armv6 --with-fpu=vfp --with-float=hard --disable-werror --enable-checking=release --build=arm-linux-gnueabihf --host=arm-linux-gnueabihf --target=arm-linux-gnueabihf
Thread model: posix
gcc version 8.3.0 (Raspbian 8.3.0-6+rpi1) 
configure:8589: $? = 0
configure:8578: gcc -V >&5
gcc: error: unrecognized command line option '-V'
gcc: fatal error: no input files
compilation terminated.
configure:8589: $? = 1
configure:8578: gcc -qversion >&5
gcc: error: unrecognized command line option '-qversion'; did you mean '--version'?
gcc: fatal error: no input files
compilation terminated.
configure:8589: $? = 1
configure:8593: checking whether we are using the GNU C compiler
configure:8621: result: yes
configure:8630: checking whether gcc accepts -g
configure:8691: result: yes
configure:8708: checking for gcc option to accept ISO C89
configure:8785: result: none needed
configure:8807: checking dependency style of gcc
configure:8918: result: gcc3
configure:8934: checking for ANSI C header files
configure:9038: result: yes
configure:9049: checking fcntl.h usability
configure:9049: gcc -c -g -O2  conftest.c >&5
configure:9049: $? = 0
configure:9049: result: yes
configure:9049: checking fcntl.h presence
configure:9049: gcc -E  conftest.c
configure:9049: $? = 0
configure:9049: result: yes
configure:9049: checking for fcntl.h
configure:9049: result: yes
configure:9049: checking for unistd.h
configure:9049: result: yes
configure:9049: checking sys/param.h usability
configure:9049: gcc -c -g -O2  conftest.c >&5
configure:9049: $? = 0
configure:9049: result: yes
configure:9049: checking sys/param.h presence
configure:9049: gcc -E  conftest.c
configure:9049: $? = 0
configure:9049: result: yes
configure:9049: checking for sys/param.h
configure:9049: result: yes
configure:9049: checking for sys/types.h
configure:9049: result: yes
configure:9049: checking for sys/stat.h
configure:9049: result: yes
configure:9049: checking errno.h usability
configure:9049: gcc -c -g -O2  conftest.c >&5
configure:9049: $? = 0
configure:9049: result: yes
configure:9049: checking errno.h presence
configure:9049: gcc -E  conftest.c
configure:9049: $? = 0
configure:9049: result: yes
configure:9049: checking for errno.h
configure:9049: result: yes
configure:9061: checking limits.h usability
configure:9061: gcc -c -g -O2  conftest.c >&5
configure:9061: $? = 0
configure:9061: result: yes
configure:9061: checking limits.h presence
configure:9061: gcc -E  conftest.c
configure:9061: $? = 0
configure:9061: result: yes
configure:9061: checking for limits.h
configure:9061: result: yes
configure:9072: checking for off_t
configure:9072: gcc -c -g -O2  conftest.c >&5
configure:9072: $? = 0
configure:9072: gcc -c -g -O2  conftest.c >&5
conftest.c: In function 'main':
conftest.c:67:20: error: expected expression before ')' token
 if (sizeof ((off_t)))
                    ^
configure:9072: $? = 1
configure: failed program was:
| /* confdefs.h */
| #define PACKAGE_NAME ""
| #define PACKAGE_TARNAME ""
| #define PACKAGE_VERSION ""
| #define PACKAGE_STRING ""
| #define PACKAGE_BUGREPORT ""
| #define PACKAGE_URL ""
| #define PACKAGE "thames"
| #define VERSION "0.1.1"
| #define STDC_HEADERS 1
| #define HAVE_SYS_TYPES_H 1
| #define HAVE_SYS_STAT_H 1
| #define HAVE_STDLIB_H 1
| #define HAVE_STRING_H 1
| #define HAVE_MEMORY_H 1
| #define HAVE_STRINGS_H 1
| #define HAVE_INTTYPES_H 1
| #define HAVE_STDINT_H 1
| #define HAVE_UNISTD_H 1
| #define HAVE_DLFCN_H 1
| #define LT_OBJDIR ".libs/"
| #define STDC_HEADERS 1
| #define HAVE_FCNTL_H 1
| #define HAVE_UNISTD_H 1
| #define HAVE_SYS_PARAM_H 1
| #define HAVE_SYS_TYPES_H 1
| #define HAVE_SYS_STAT_H 1
| #define HAVE_ERRNO_H 1
| #define HAVE_LIMITS_H 1
| /* end confdefs.h.  */
| #include <stdio.h>
| #ifdef HAVE_SYS_TYPES_H
| # include <sys/types.h>
| #endif
| #ifdef HAVE_SYS_STAT_H
| # include <sys/stat.h>
| #endif
| #ifdef STDC_HEADERS
| # include <stdlib.h>
| # include <stddef.h>
| #else
| # ifdef HAVE_STDLIB_H
| #  include <stdlib.h>
| # endif
| #endif
| #ifdef HAVE_STRING_H
| # if !defined STDC_HEADERS && defined HAVE_MEMORY_H
| #  include <memory.h>
| # endif
| # include <string.h>
| #endif
| #ifdef HAVE_STRINGS_H
| # include <strings.h>
| #endif
| #ifdef HAVE_INTTYPES_H
| # include <inttypes.h>
| #endif
| #ifdef HAVE_STDINT_H
| # include <stdint.h>
| #endif
| #ifdef HAVE_UNISTD_H
| # include <unistd.h>
| #endif
| int
| main ()
| {
| if (sizeof ((off_t)))
| 	    return 0;
|   ;
|   return 0;
| }
configure:9072: result: yes
configure:9086: checking for vprintf
configure:9086: gcc -o conftest -g -O2   conftest.c  >&5
conftest.c:54:6: warning: conflicting types for built-in function 'vprintf' [-Wbuiltin-declaration-mismatch]
 char vprintf ();
      ^~~~~~~
configure:9086: $? = 0
configure:9086: result: yes
configure:9092: checking for _doprnt
configure:9092: gcc -o conftest -g -O2   conftest.c  >&5
/usr/bin/ld: /tmp/ccopWv2l.o: in function `main':
/home/pi/tmp/z80/cpm3/zip/thames-0.1.1/conftest.c:66: undefined reference to `_doprnt'
collect2: error: ld returned 1 exit status
configure:9092: $? = 1
configure: failed program was:
| /* confdefs.h */
| #define PACKAGE_NAME ""
| #define PACKAGE_TARNAME ""
| #define PACKAGE_VERSION ""
| #define PACKAGE_STRING ""
| #define PACKAGE_BUGREPORT ""
| #define PACKAGE_URL ""
| #define PACKAGE "thames"
| #define VERSION "0.1.1"
| #define STDC_HEADERS 1
| #define HAVE_SYS_TYPES_H 1
| #define HAVE_SYS_STAT_H 1
| #define HAVE_STDLIB_H 1
| #define HAVE_STRING_H 1
| #define HAVE_MEMORY_H 1
| #define HAVE_STRINGS_H 1
| #define HAVE_INTTYPES_H 1
| #define HAVE_STDINT_H 1
| #define HAVE_UNISTD_H 1
| #define HAVE_DLFCN_H 1
| #define LT_OBJDIR ".libs/"
| #define STDC_HEADERS 1
| #define HAVE_FCNTL_H 1
| #define HAVE_UNISTD_H 1
| #define HAVE_SYS_PARAM_H 1
| #define HAVE_SYS_TYPES_H 1
| #define HAVE_SYS_STAT_H 1
| #define HAVE_ERRNO_H 1
| #define HAVE_LIMITS_H 1
| #define HAVE_VPRINTF 1
| /* end confdefs.h.  */
| /* Define _doprnt to an innocuous variant, in case <limits.h> declares _doprnt.
|    For example, HP-UX 11i <limits.h> declares gettimeofday.  */
| #define _doprnt innocuous__doprnt
| 
| /* System header to define __stub macros and hopefully few prototypes,
|     which can conflict with char _doprnt (); below.
|     Prefer <limits.h> to <assert.h> if __STDC__ is defined, since
|     <limits.h> exists even on freestanding compilers.  */
| 
| #ifdef __STDC__
| # include <limits.h>
| #else
| # include <assert.h>
| #endif
| 
| #undef _doprnt
| 
| /* Override any GCC internal prototype to avoid an error.
|    Use char because int might match the return type of a GCC
|    builtin and then its argument prototype would still apply.  */
| #ifdef __cplusplus
| extern "C"
| #endif
| char _doprnt ();
| /* The GNU C library defines this for functions which it implements
|     to always fail with ENOSYS.  Some functions are actually named
|     something starting with __ and the normal name is an alias.  */
| #if defined __stub__doprnt || defined __stub____doprnt
| choke me
| #endif
| 
| int
| main ()
| {
| return _doprnt ();
|   ;
|   return 0;
| }
configure:9092: result: no
configure:9105: checking for strstr
configure:9105: gcc -o conftest -g -O2   conftest.c  >&5
conftest.c:55:6: warning: conflicting types for built-in function 'strstr' [-Wbuiltin-declaration-mismatch]
 char strstr ();
      ^~~~~~
configure:9105: $? = 0
configure:9105: result: yes
configure:9243: creating ./config.status

## ---------------------- ##
## Running config.status. ##
## ---------------------- ##

This file was extended by config.status, which was
generated by GNU Autoconf 2.68.  Invocation command line was

  CONFIG_FILES    = 
  CONFIG_HEADERS  = 
  CONFIG_LINKS    = 
  CONFIG_COMMANDS = 
  $ ./config.status 

on octopi

config.status:1095: creating Makefile
config.status:1095: creating bin/Makefile
config.status:1095: creating config.h
config.status:1324: executing depfiles commands
config.status:1324: executing libtool commands

## ---------------- ##
## Cache variables. ##
## ---------------- ##

ac_cv_build=armv7l-unknown-linux-gnueabi
ac_cv_c_compiler_gnu=yes
ac_cv_env_CC_set=
ac_cv_env_CC_value=
ac_cv_env_CFLAGS_set=
ac_cv_env_CFLAGS_value=
ac_cv_env_CPPFLAGS_set=
ac_cv_env_CPPFLAGS_value=
ac_cv_env_CPP_set=
ac_cv_env_CPP_value=
ac_cv_env_LDFLAGS_set=
ac_cv_env_LDFLAGS_value=
ac_cv_env_LIBS_set=
ac_cv_env_LIBS_value=
ac_cv_env_build_alias_set=
ac_cv_env_build_alias_value=
ac_cv_env_host_alias_set=
ac_cv_env_host_alias_value=
ac_cv_env_target_alias_set=
ac_cv_env_target_alias_value=
ac_cv_func__doprnt=no
ac_cv_func_strstr=yes
ac_cv_func_vprintf=yes
ac_cv_header_dlfcn_h=yes
ac_cv_header_errno_h=yes
ac_cv_header_fcntl_h=yes
ac_cv_header_inttypes_h=yes
ac_cv_header_limits_h=yes
ac_cv_header_memory_h=yes
ac_cv_header_stdc=yes
ac_cv_header_stdint_h=yes
ac_cv_header_stdlib_h=yes
ac_cv_header_string_h=yes
ac_cv_header_strings_h=yes
ac_cv_header_sys_param_h=yes
ac_cv_header_sys_stat_h=yes
ac_cv_header_sys_types_h=yes
ac_cv_header_unistd_h=yes
ac_cv_host=armv7l-unknown-linux-gnueabi
ac_cv_objext=o
ac_cv_path_EGREP='/usr/bin/grep -E'
ac_cv_path_FGREP='/usr/bin/grep -F'
ac_cv_path_GREP=/usr/bin/grep
ac_cv_path_SED=/usr/bin/sed
ac_cv_path_install='/usr/bin/install -c'
ac_cv_path_mkdir=/usr/bin/mkdir
ac_cv_prog_AWK=mawk
ac_cv_prog_CPP='gcc -E'
ac_cv_prog_ac_ct_AR=ar
ac_cv_prog_ac_ct_CC=gcc
ac_cv_prog_ac_ct_MANIFEST_TOOL=mt
ac_cv_prog_ac_ct_OBJDUMP=objdump
ac_cv_prog_ac_ct_RANLIB=ranlib
ac_cv_prog_ac_ct_STRIP=strip
ac_cv_prog_cc_c89=
ac_cv_prog_cc_g=yes
ac_cv_prog_make_make_set=yes
ac_cv_type_off_t=yes
am_cv_CC_dependencies_compiler_type=gcc3
lt_cv_ar_at_file=@
lt_cv_archive_cmds_need_lc=no
lt_cv_deplibs_check_method=pass_all
lt_cv_file_magic_cmd='$MAGIC_CMD'
lt_cv_file_magic_test_file=
lt_cv_ld_reload_flag=-r
lt_cv_nm_interface='BSD nm'
lt_cv_objdir=.libs
lt_cv_path_LD=/usr/bin/ld
lt_cv_path_NM='/usr/bin/nm -B'
lt_cv_path_mainfest_tool=no
lt_cv_prog_compiler_c_o=yes
lt_cv_prog_compiler_pic='-fPIC -DPIC'
lt_cv_prog_compiler_pic_works=yes
lt_cv_prog_compiler_rtti_exceptions=no
lt_cv_prog_compiler_static_works=yes
lt_cv_prog_gnu_ld=yes
lt_cv_sharedlib_from_linklib_cmd='printf %s\n'
lt_cv_shlibpath_overrides_runpath=yes
lt_cv_sys_global_symbol_pipe='sed -n -e '\''s/^.*[	 ]\([ABCDGIRSTW][ABCDGIRSTW]*\)[	 ][	 ]*\([_A-Za-z][_A-Za-z0-9]*\)$/\1 \2 \2/p'\'' | sed '\''/ __gnu_lto/d'\'''
lt_cv_sys_global_symbol_to_c_name_address='sed -n -e '\''s/^: \([^ ]*\)[ ]*$/  {\"\1\", (void *) 0},/p'\'' -e '\''s/^[ABCDGIRSTW]* \([^ ]*\) \([^ ]*\)$/  {"\2", (void *) \&\2},/p'\'''
lt_cv_sys_global_symbol_to_c_name_address_lib_prefix='sed -n -e '\''s/^: \([^ ]*\)[ ]*$/  {\"\1\", (void *) 0},/p'\'' -e '\''s/^[ABCDGIRSTW]* \([^ ]*\) \(lib[^ ]*\)$/  {"\2", (void *) \&\2},/p'\'' -e '\''s/^[ABCDGIRSTW]* \([^ ]*\) \([^ ]*\)$/  {"lib\2", (void *) \&\2},/p'\'''
lt_cv_sys_global_symbol_to_cdecl='sed -n -e '\''s/^T .* \(.*\)$/extern int \1();/p'\'' -e '\''s/^[ABCDGIRSTW]* .* \(.*\)$/extern char \1;/p'\'''
lt_cv_sys_max_cmd_len=1572864
lt_cv_to_host_file_cmd=func_convert_file_noop
lt_cv_to_tool_file_cmd=func_convert_file_noop

## ----------------- ##
## Output variables. ##
## ----------------- ##

ACLOCAL='${SHELL} /home/pi/tmp/z80/cpm3/zip/thames-0.1.1/config/missing --run aclocal-1.11'
AMDEPBACKSLASH='\'
AMDEP_FALSE='#'
AMDEP_TRUE=''
AMTAR='$${TAR-tar}'
AR='ar'
AUTOCONF='${SHELL} /home/pi/tmp/z80/cpm3/zip/thames-0.1.1/config/missing --run autoconf'
AUTOHEADER='${SHELL} /home/pi/tmp/z80/cpm3/zip/thames-0.1.1/config/missing --run autoheader'
AUTOMAKE='${SHELL} /home/pi/tmp/z80/cpm3/zip/thames-0.1.1/config/missing --run automake-1.11'
AWK='mawk'
CC='gcc'
CCDEPMODE='depmode=gcc3'
CFLAGS='-g -O2'
CPP='gcc -E'
CPPFLAGS=''
CYGPATH_W='echo'
DEFS='-DHAVE_CONFIG_H'
DEPDIR='.deps'
DLLTOOL='false'
DSYMUTIL=''
DUMPBIN=''
ECHO_C=''
ECHO_N='-n'
ECHO_T=''
EGREP='/usr/bin/grep -E'
EXEEXT=''
FGREP='/usr/bin/grep -F'
GREP='/usr/bin/grep'
INSTALL_DATA='${INSTALL} -m 644'
INSTALL_PROGRAM='${INSTALL}'
INSTALL_SCRIPT='${INSTALL}'
INSTALL_STRIP_PROGRAM='$(install_sh) -c -s'
LD='/usr/bin/ld'
LDFLAGS=''
LIBOBJS=''
LIBS=''
LIBTOOL='$(SHELL) $(top_builddir)/libtool'
LIPO=''
LN_S='ln -s'
LTLIBOBJS=''
MAKEINFO='${SHELL} /home/pi/tmp/z80/cpm3/zip/thames-0.1.1/config/missing --run makeinfo'
MANIFEST_TOOL=':'
MKDIR_P='/usr/bin/mkdir -p'
NM='/usr/bin/nm -B'
NMEDIT=''
OBJDUMP='objdump'
OBJEXT='o'
OTOOL64=''
OTOOL=''
PACKAGE='thames'
PACKAGE_BUGREPORT=''
PACKAGE_NAME=''
PACKAGE_STRING=''
PACKAGE_TARNAME=''
PACKAGE_URL=''
PACKAGE_VERSION=''
PATH_SEPARATOR=':'
RANLIB='ranlib'
SED='/usr/bin/sed'
SET_MAKE=''
SHELL='/bin/bash'
STRIP='strip'
VERSION='0.1.1'
ac_ct_AR='ar'
ac_ct_CC='gcc'
ac_ct_DUMPBIN=''
am__EXEEXT_FALSE=''
am__EXEEXT_TRUE='#'
am__fastdepCC_FALSE='#'
am__fastdepCC_TRUE=''
am__include='include'
am__isrc=''
am__leading_dot='.'
am__nodep='_no'
am__quote=''
am__tar='$${TAR-tar} chof - "$$tardir"'
am__untar='$${TAR-tar} xf -'
bindir='${exec_prefix}/bin'
build='armv7l-unknown-linux-gnueabi'
build_alias=''
build_cpu='armv7l'
build_os='linux-gnueabi'
build_vendor='unknown'
datadir='${datarootdir}'
datarootdir='${prefix}/share'
docdir='${datarootdir}/doc/${PACKAGE}'
dvidir='${docdir}'
exec_prefix='${prefix}'
host='armv7l-unknown-linux-gnueabi'
host_alias=''
host_cpu='armv7l'
host_os='linux-gnueabi'
host_vendor='unknown'
htmldir='${docdir}'
includedir='${prefix}/include'
infodir='${datarootdir}/info'
install_sh='${SHELL} /home/pi/tmp/z80/cpm3/zip/thames-0.1.1/config/install-sh'
libdir='${exec_prefix}/lib'
libexecdir='${exec_prefix}/libexec'
localedir='${datarootdir}/locale'
localstatedir='${prefix}/var'
mandir='${datarootdir}/man'
mkdir_p='/usr/bin/mkdir -p'
oldincludedir='/usr/include'
pdfdir='${docdir}'
prefix='/usr/local'
program_transform_name='s,x,x,'
psdir='${docdir}'
sbindir='${exec_prefix}/sbin'
sharedstatedir='${prefix}/com'
sysconfdir='${prefix}/etc'
target_alias=''

## ----------- ##
## confdefs.h. ##
## ----------- ##

/* confdefs.h */
#define PACKAGE_NAME ""
#define PACKAGE_TARNAME ""
#define PACKAGE_VERSION ""
#define PACKAGE_STRING ""
#define PACKAGE_BUGREPORT ""
#define PACKAGE_URL ""
#define PACKAGE "thames"
#define VERSION "0.1.1"
#define STDC_HEADERS 1
#define HAVE_SYS_TYPES_H 1
#define HAVE_SYS_STAT_H 1
#define HAVE_STDLIB_H 1
#define HAVE_STRING_H 1
#define HAVE_MEMORY_H 1
#define HAVE_STRINGS_H 1
#define HAVE_INTTYPES_H 1
#define HAVE_STDINT_H 1
#define HAVE_UNISTD_H 1
#define HAVE_DLFCN_H 1
#define LT_OBJDIR ".libs/"
#define STDC_HEADERS 1
#define HAVE_FCNTL_H 1
#define HAVE_UNISTD_H 1
#define HAVE_SYS_PARAM_H 1
#define HAVE_SYS_TYPES_H 1
#define HAVE_SYS_STAT_H 1
#define HAVE_ERRNO_H 1
#define HAVE_LIMITS_H 1
#define HAVE_VPRINTF 1
#define HAVE_STRSTR 1

configure: exit 0
